Copyright 1986-2022 Xilinx, Inc. All Rights Reserved.
-----------------------------------------------------------------------------------------------------------------------------
| Tool Version : Vivado v.2022.2 (win64) Build 3671981 Fri Oct 14 05:00:03 MDT 2022
| Date         : Sat Nov 29 14:37:50 2025
| Host         : sunset running 64-bit major release  (build 9200)
| Command      : report_utilization -file design_1_wrapper_utilization_placed.rpt -pb design_1_wrapper_utilization_placed.pb
| Design       : design_1_wrapper
| Device       : xczu7ev-ffvc1156-2-e
| Speed File   : -2
| Design State : Fully Placed
-----------------------------------------------------------------------------------------------------------------------------

Utilization Design Information

Table of Contents
-----------------
1. CLB Logic
1.1 Summary of Registers by Type
2. CLB Logic Distribution
3. BLOCKRAM
4. ARITHMETIC
5. I/O
6. CLOCK
7. ADVANCED
8. CONFIGURATION
9. Primitives
10. Black Boxes
11. Instantiated Netlists

1. CLB Logic
------------

+----------------------------+------+-------+------------+-----------+-------+
|          Site Type         | Used | Fixed | Prohibited | Available | Util% |
+----------------------------+------+-------+------------+-----------+-------+
| CLB LUTs                   | 4399 |     0 |          0 |    230400 |  1.91 |
|   LUT as Logic             | 3768 |     0 |          0 |    230400 |  1.64 |
|   LUT as Memory            |  631 |     0 |          0 |    101760 |  0.62 |
|     LUT as Distributed RAM |  378 |     0 |            |           |       |
|     LUT as Shift Register  |  253 |     0 |            |           |       |
| CLB Registers              | 6634 |     0 |          0 |    460800 |  1.44 |
|   Register as Flip Flop    | 6634 |     0 |          0 |    460800 |  1.44 |
|   Register as Latch        |    0 |     0 |          0 |    460800 |  0.00 |
| CARRY8                     |   39 |     0 |          0 |     28800 |  0.14 |
| F7 Muxes                   |    5 |     0 |          0 |    115200 | <0.01 |
| F8 Muxes                   |    0 |     0 |          0 |     57600 |  0.00 |
| F9 Muxes                   |    0 |     0 |          0 |     28800 |  0.00 |
+----------------------------+------+-------+------------+-----------+-------+
* Warning! LUT value is adjusted to account for LUT combining.


1.1 Summary of Registers by Type
--------------------------------

+-------+--------------+-------------+--------------+
| Total | Clock Enable | Synchronous | Asynchronous |
+-------+--------------+-------------+--------------+
| 0     |            _ |           - |            - |
| 0     |            _ |           - |          Set |
| 0     |            _ |           - |        Reset |
| 0     |            _ |         Set |            - |
| 0     |            _ |       Reset |            - |
| 0     |          Yes |           - |            - |
| 96    |          Yes |           - |          Set |
| 289   |          Yes |           - |        Reset |
| 177   |          Yes |         Set |            - |
| 6072  |          Yes |       Reset |            - |
+-------+--------------+-------------+--------------+


2. CLB Logic Distribution
-------------------------

+--------------------------------------------+------+-------+------------+-----------+-------+
|                  Site Type                 | Used | Fixed | Prohibited | Available | Util% |
+--------------------------------------------+------+-------+------------+-----------+-------+
| CLB                                        | 1151 |     0 |          0 |     28800 |  4.00 |
|   CLBL                                     |  551 |     0 |            |           |       |
|   CLBM                                     |  600 |     0 |            |           |       |
| LUT as Logic                               | 3768 |     0 |          0 |    230400 |  1.64 |
|   using O5 output only                     |  244 |       |            |           |       |
|   using O6 output only                     | 2501 |       |            |           |       |
|   using O5 and O6                          | 1023 |       |            |           |       |
| LUT as Memory                              |  631 |     0 |          0 |    101760 |  0.62 |
|   LUT as Distributed RAM                   |  378 |     0 |            |           |       |
|     using O5 output only                   |    0 |       |            |           |       |
|     using O6 output only                   |    6 |       |            |           |       |
|     using O5 and O6                        |  372 |       |            |           |       |
|   LUT as Shift Register                    |  253 |     0 |            |           |       |
|     using O5 output only                   |    0 |       |            |           |       |
|     using O6 output only                   |  129 |       |            |           |       |
|     using O5 and O6                        |  124 |       |            |           |       |
| CLB Registers                              | 6634 |     0 |          0 |    460800 |  1.44 |
|   Register driven from within the CLB      | 3418 |       |            |           |       |
|   Register driven from outside the CLB     | 3216 |       |            |           |       |
|     LUT in front of the register is unused | 2519 |       |            |           |       |
|     LUT in front of the register is used   |  697 |       |            |           |       |
| Unique Control Sets                        |  395 |       |          0 |     57600 |  0.69 |
+--------------------------------------------+------+-------+------------+-----------+-------+
* * Note: Available Control Sets calculated as Slices * 2, Review the Control Sets Report for more information regarding control sets.


3. BLOCKRAM
-----------

+-------------------+------+-------+------------+-----------+-------+
|     Site Type     | Used | Fixed | Prohibited | Available | Util% |
+-------------------+------+-------+------------+-----------+-------+
| Block RAM Tile    |  2.5 |     0 |          0 |       312 |  0.80 |
|   RAMB36/FIFO*    |    2 |     0 |          0 |       312 |  0.64 |
|     RAMB36E2 only |    2 |       |            |           |       |
|   RAMB18          |    1 |     0 |          0 |       624 |  0.16 |
|     RAMB18E2 only |    1 |       |            |           |       |
| URAM              |    0 |     0 |          0 |        96 |  0.00 |
+-------------------+------+-------+------------+-----------+-------+
* Note: Each Block RAM Tile only has one FIFO logic available and therefore can accommodate only one FIFO36E2 or one FIFO18E2. However, if a FIFO18E2 occupies a Block RAM Tile, that tile can still accommodate a RAMB18E2


4. ARITHMETIC
-------------

+-----------+------+-------+------------+-----------+-------+
| Site Type | Used | Fixed | Prohibited | Available | Util% |
+-----------+------+-------+------------+-----------+-------+
| DSPs      |    0 |     0 |          0 |      1728 |  0.00 |
+-----------+------+-------+------------+-----------+-------+


5. I/O
------

+------------------+------+-------+------------+-----------+-------+
|     Site Type    | Used | Fixed | Prohibited | Available | Util% |
+------------------+------+-------+------------+-----------+-------+
| Bonded IOB       |   14 |    14 |          0 |       360 |  3.89 |
| HPIOB_M          |    7 |     7 |          0 |       144 |  4.86 |
|   INPUT          |    3 |       |            |           |       |
|   OUTPUT         |    4 |       |            |           |       |
|   BIDIR          |    0 |       |            |           |       |
| HPIOB_S          |    7 |     7 |          0 |       144 |  4.86 |
|   INPUT          |    3 |       |            |           |       |
|   OUTPUT         |    4 |       |            |           |       |
|   BIDIR          |    0 |       |            |           |       |
| HDIOB_M          |    0 |     0 |          0 |        24 |  0.00 |
| HDIOB_S          |    0 |     0 |          0 |        24 |  0.00 |
| HPIOB_SNGL       |    0 |     0 |          0 |        24 |  0.00 |
| HPIOBDIFFINBUF   |    3 |     3 |          0 |       192 |  1.56 |
|   DIFFINBUF      |    3 |     3 |            |           |       |
| HPIOBDIFFOUTBUF  |    2 |     2 |          0 |       192 |  1.04 |
|   OBUFDS         |    2 |     2 |            |           |       |
| HDIOBDIFFINBUF   |    0 |     0 |          0 |        48 |  0.00 |
| BITSLICE_CONTROL |    0 |     0 |          0 |        64 |  0.00 |
| BITSLICE_RX_TX   |    0 |     0 |          0 |      2496 |  0.00 |
| BITSLICE_TX      |    0 |     0 |          0 |        64 |  0.00 |
| RIU_OR           |    0 |     0 |          0 |        32 |  0.00 |
+------------------+------+-------+------------+-----------+-------+


6. CLOCK
--------

+----------------------+------+-------+------------+-----------+-------+
|       Site Type      | Used | Fixed | Prohibited | Available | Util% |
+----------------------+------+-------+------------+-----------+-------+
| GLOBAL CLOCK BUFFERs |    5 |     0 |          0 |       544 |  0.92 |
|   BUFGCE             |    4 |     0 |          0 |       208 |  1.92 |
|   BUFGCE_DIV         |    0 |     0 |          0 |        32 |  0.00 |
|   BUFG_GT            |    0 |     0 |          0 |       144 |  0.00 |
|   BUFG_PS            |    1 |     0 |          0 |        96 |  1.04 |
|   BUFGCTRL*          |    0 |     0 |          0 |        64 |  0.00 |
| PLL                  |    0 |     0 |          0 |        16 |  0.00 |
| MMCM                 |    2 |     0 |          0 |         8 | 25.00 |
+----------------------+------+-------+------------+-----------+-------+
* Note: Each used BUFGCTRL counts as two GLOBAL CLOCK BUFFERs. This table does not include global clocking resources, only buffer cell usage. See the Clock Utilization Report (report_clock_utilization) for detailed accounting of global clocking resource availability.


7. ADVANCED
-----------

+-----------------+------+-------+------------+-----------+--------+
|    Site Type    | Used | Fixed | Prohibited | Available |  Util% |
+-----------------+------+-------+------------+-----------+--------+
| GTHE4_CHANNEL   |    0 |     0 |          0 |        20 |   0.00 |
| GTHE4_COMMON    |    0 |     0 |          0 |         5 |   0.00 |
| OBUFDS_GTE4     |    0 |     0 |          0 |        10 |   0.00 |
| OBUFDS_GTE4_ADV |    0 |     0 |          0 |        10 |   0.00 |
| PCIE40E4        |    0 |     0 |          0 |         2 |   0.00 |
| PS8             |    1 |     0 |          0 |         1 | 100.00 |
| SYSMONE4        |    0 |     0 |          0 |         1 |   0.00 |
| VCU             |    0 |     0 |          0 |         1 |   0.00 |
+-----------------+------+-------+------------+-----------+--------+


8. CONFIGURATION
----------------

+-------------+------+-------+------------+-----------+-------+
|  Site Type  | Used | Fixed | Prohibited | Available | Util% |
+-------------+------+-------+------------+-----------+-------+
| BSCANE2     |    1 |     0 |          0 |         4 | 25.00 |
| DNA_PORTE2  |    0 |     0 |          0 |         1 |  0.00 |
| EFUSE_USR   |    0 |     0 |          0 |         1 |  0.00 |
| FRAME_ECCE4 |    0 |     0 |          0 |         1 |  0.00 |
| ICAPE3      |    0 |     0 |          0 |         2 |  0.00 |
| MASTER_JTAG |    0 |     0 |          0 |         1 |  0.00 |
| STARTUPE3   |    0 |     0 |          0 |         1 |  0.00 |
+-------------+------+-------+------------+-----------+-------+


9. Primitives
-------------

+------------+------+---------------------+
|  Ref Name  | Used | Functional Category |
+------------+------+---------------------+
| FDRE       | 6072 |            Register |
| LUT6       | 1324 |                 CLB |
| LUT3       | 1141 |                 CLB |
| LUT5       |  871 |                 CLB |
| LUT4       |  744 |                 CLB |
| RAMD32     |  656 |                 CLB |
| LUT2       |  507 |                 CLB |
| FDCE       |  289 |            Register |
| SRL16E     |  248 |                 CLB |
| LUT1       |  204 |                 CLB |
| FDSE       |  177 |            Register |
| SRLC32E    |  127 |                 CLB |
| FDPE       |   96 |            Register |
| RAMS32     |   94 |                 CLB |
| CARRY8     |   39 |                 CLB |
| MUXF7      |    5 |                 CLB |
| OBUF       |    4 |                 I/O |
| BUFGCE     |    4 |               Clock |
| IBUFCTRL   |    3 |              Others |
| DIFFINBUF  |    3 |                 I/O |
| SRLC16E    |    2 |                 CLB |
| RAMB36E2   |    2 |            BLOCKRAM |
| OBUFDS     |    2 |                 I/O |
| MMCME4_ADV |    2 |               Clock |
| RAMB18E2   |    1 |            BLOCKRAM |
| PS8        |    1 |            Advanced |
| BUFG_PS    |    1 |               Clock |
| BSCANE2    |    1 |       Configuration |
+------------+------+---------------------+


10. Black Boxes
---------------

+----------+------+
| Ref Name | Used |
+----------+------+


11. Instantiated Netlists
-------------------------

+----------------------------------+------+
|             Ref Name             | Used |
+----------------------------------+------+
| design_1_zynq_ultra_ps_e_0_0     |    1 |
| design_1_smartconnect_0_0        |    1 |
| design_1_rst_ps8_0_100M_0        |    1 |
| design_1_ila_0_0                 |    1 |
| design_1_clk_wiz_1_0             |    1 |
| design_1_clk_wiz_0_0             |    1 |
| design_1_clk125_buf_0_0          |    1 |
| design_1_axi_dma_0_0             |    1 |
| design_1_auto_pc_0               |    1 |
| design_1_auto_ds_0               |    1 |
| design_1_ad7960_axis_wrapper_0_0 |    1 |
| design_1_AD7960_0_0              |    1 |
| dbg_hub                          |    1 |
+----------------------------------+------+


